<?xml version="1.0" encoding="UTF-8"?>
<!-- Generated by org.testng.reporters.JUnitReportReporter -->
<testsuite hostname="DESKTOP-QTVGVJN" failures="0" tests="3" name="com.aniket.Runners.TestRunner" time="22.836" errors="0" timestamp="2025-05-12T01:14:10 IST" skipped="0">
  <testcase classname="com.aniket.Runners.TestRunner" name="runScenario" time="9.616"/>
  <testcase classname="com.aniket.Runners.TestRunner" name="runScenario" time="5.618"/>
  <testcase classname="com.aniket.Runners.TestRunner" name="runScenario" time="7.602"/>
</testsuite> <!-- com.aniket.Runners.TestRunner -->
