<?xml version="1.0" encoding="UTF-8"?>
<!-- Generated by org.testng.reporters.JUnitReportReporter -->
<testsuite hostname="DESKTOP-QTVGVJN" failures="0" tests="1" name="com.aniket.Runners.TestRunner" time="8.699" errors="0" timestamp="2025-04-24T01:46:17 IST" skipped="0">
  <testcase classname="com.aniket.Runners.TestRunner" name="runScenario" time="8.699"/>
</testsuite> <!-- com.aniket.Runners.TestRunner -->
