<?xml version="1.0" encoding="UTF-8"?>
<!-- Generated by org.testng.reporters.JUnitReportReporter -->
<testsuite hostname="DESKTOP-QTVGVJN" failures="0" tests="1" name="com.aniket.Runners.TestRunner" time="12.920" errors="0" timestamp="2025-04-21T23:47:44 IST" skipped="0">
  <testcase classname="com.aniket.Runners.TestRunner" name="runScenario" time="12.920"/>
</testsuite> <!-- com.aniket.Runners.TestRunner -->
