<?xml version="1.0" encoding="UTF-8"?>
<!-- Generated by org.testng.reporters.JUnitReportReporter -->
<testsuite hostname="DESKTOP-QTVGVJN" failures="0" tests="2" name="com.aniket.Runners.TestRunner" time="35.773" errors="0" timestamp="2025-04-20T15:52:01 IST" skipped="0">
  <testcase classname="com.aniket.Runners.TestRunner" name="runScenario" time="21.184"/>
  <testcase classname="com.aniket.Runners.TestRunner" name="runScenario" time="14.589"/>
</testsuite> <!-- com.aniket.Runners.TestRunner -->
