<?xml version="1.0" encoding="UTF-8"?>
<!-- Generated by org.testng.reporters.JUnitReportReporter -->
<testsuite hostname="DESKTOP-QTVGVJN" failures="0" tests="2" name="com.aniket.testng_demo.testng_demo" time="17.315" errors="0" timestamp="2025-04-18T19:27:36 IST" skipped="0">
  <testcase classname="com.aniket.testng_demo.testng_demo" name="LoginToFB" time="1.434"/>
  <testcase classname="com.aniket.testng_demo.testng_demo" name="Login" time="15.881"/>
</testsuite> <!-- com.aniket.testng_demo.testng_demo -->
