<?xml version="1.0" encoding="UTF-8"?>
<!-- Generated by org.testng.reporters.JUnitReportReporter -->
<testsuite hostname="DESKTOP-QTVGVJN" failures="0" tests="1" name="com.aniket.Runners.TestRunner" time="12.272" errors="0" timestamp="2025-04-20T03:47:59 IST" skipped="0">
  <testcase classname="com.aniket.Runners.TestRunner" name="runScenario" time="12.272"/>
</testsuite> <!-- com.aniket.Runners.TestRunner -->
